app/build/intermediates/manifest_merge_blame_file/debug/manifest-merger-blame-debug-report.txt
1<?xml version="1.0" encoding="utf-8"?>
2<manifest xmlns:android="http://schemas.android.com/apk/res/android"
3    package="com.calendarreminder"
4    android:versionCode="1"
5    android:versionName="1.0" >
6
7    <uses-sdk
8        android:minSdkVersion="26"
9        android:targetSdkVersion="34" />
10
11    <!-- Permissions pour lire le calendrier -->
12    <uses-permission android:name="android.permission.READ_CALENDAR" />
12-->src/main/AndroidManifest.xml:6:5-72
12-->src/main/AndroidManifest.xml:6:22-69
13    <uses-permission android:name="android.permission.READ_SYNC_SETTINGS" />
13-->src/main/AndroidManifest.xml:7:5-77
13-->src/main/AndroidManifest.xml:7:22-74
14    <uses-permission android:name="android.permission.WRITE_SYNC_SETTINGS" />
14-->src/main/AndroidManifest.xml:8:5-78
14-->src/main/AndroidManifest.xml:8:22-75
15
16    <!-- Permission pour afficher au-dessus d'autres applications -->
17    <uses-permission android:name="android.permission.SYSTEM_ALERT_WINDOW" />
17-->src/main/AndroidManifest.xml:11:5-78
17-->src/main/AndroidManifest.xml:11:22-75
18
19    <!-- Permission pour afficher sur l'écran verrouillé -->
20    <uses-permission android:name="android.permission.DISABLE_KEYGUARD" />
20-->src/main/AndroidManifest.xml:14:5-75
20-->src/main/AndroidManifest.xml:14:22-72
21    <uses-permission android:name="android.permission.WAKE_LOCK" />
21-->src/main/AndroidManifest.xml:15:5-68
21-->src/main/AndroidManifest.xml:15:22-65
22
23    <!-- Permission pour les notifications -->
24    <uses-permission android:name="android.permission.POST_NOTIFICATIONS" />
24-->src/main/AndroidManifest.xml:18:5-77
24-->src/main/AndroidManifest.xml:18:22-74
25
26    <!-- Permission pour démarrer au démarrage -->
27    <uses-permission android:name="android.permission.RECEIVE_BOOT_COMPLETED" />
27-->src/main/AndroidManifest.xml:21:5-81
27-->src/main/AndroidManifest.xml:21:22-78
28
29    <!-- Permission pour le service foreground -->
30    <uses-permission android:name="android.permission.FOREGROUND_SERVICE" />
30-->src/main/AndroidManifest.xml:24:5-77
30-->src/main/AndroidManifest.xml:24:22-74
31    <uses-permission android:name="android.permission.FOREGROUND_SERVICE_DATA_SYNC" />
31-->src/main/AndroidManifest.xml:25:5-87
31-->src/main/AndroidManifest.xml:25:22-84
32
33    <permission
33-->[androidx.core:core:1.9.0] AndroidManifest.xml:22:5-24:47
34        android:name="com.calendarreminder.DYNAMIC_RECEIVER_NOT_EXPORTED_PERMISSION"
34-->[androidx.core:core:1.9.0] AndroidManifest.xml:23:9-81
35        android:protectionLevel="signature" />
35-->[androidx.core:core:1.9.0] AndroidManifest.xml:24:9-44
36
37    <uses-permission android:name="com.calendarreminder.DYNAMIC_RECEIVER_NOT_EXPORTED_PERMISSION" />
37-->[androidx.core:core:1.9.0] AndroidManifest.xml:26:5-97
37-->[androidx.core:core:1.9.0] AndroidManifest.xml:26:22-94
38
39    <application
39-->src/main/AndroidManifest.xml:27:5-71:19
40        android:allowBackup="true"
40-->src/main/AndroidManifest.xml:28:9-35
41        android:appComponentFactory="androidx.core.app.CoreComponentFactory"
41-->[androidx.core:core:1.9.0] AndroidManifest.xml:28:18-86
42        android:debuggable="true"
43        android:extractNativeLibs="false"
44        android:icon="@mipmap/ic_launcher"
44-->src/main/AndroidManifest.xml:29:9-43
45        android:label="@string/app_name"
45-->src/main/AndroidManifest.xml:30:9-41
46        android:roundIcon="@mipmap/ic_launcher_round"
46-->src/main/AndroidManifest.xml:31:9-54
47        android:supportsRtl="true"
47-->src/main/AndroidManifest.xml:32:9-35
48        android:theme="@style/Theme.CalendarReminder" >
48-->src/main/AndroidManifest.xml:33:9-54
49        <activity
49-->src/main/AndroidManifest.xml:36:9-45:20
50            android:name="com.calendarreminder.MainActivity"
50-->src/main/AndroidManifest.xml:37:13-41
51            android:exported="true"
51-->src/main/AndroidManifest.xml:38:13-36
52            android:launchMode="singleTask"
52-->src/main/AndroidManifest.xml:39:13-44
53            android:theme="@style/Theme.CalendarReminder.FullScreen" >
53-->src/main/AndroidManifest.xml:40:13-69
54            <intent-filter>
54-->src/main/AndroidManifest.xml:41:13-44:29
55                <action android:name="android.intent.action.MAIN" />
55-->src/main/AndroidManifest.xml:42:17-69
55-->src/main/AndroidManifest.xml:42:25-66
56
57                <category android:name="android.intent.category.LAUNCHER" />
57-->src/main/AndroidManifest.xml:43:17-77
57-->src/main/AndroidManifest.xml:43:27-74
58            </intent-filter>
59        </activity>
60        <activity
60-->src/main/AndroidManifest.xml:47:9-54:20
61            android:name="com.calendarreminder.ReminderActivity"
61-->src/main/AndroidManifest.xml:48:13-45
62            android:exported="false"
62-->src/main/AndroidManifest.xml:49:13-37
63            android:launchMode="singleTask"
63-->src/main/AndroidManifest.xml:50:13-44
64            android:showOnLockScreen="true"
64-->src/main/AndroidManifest.xml:51:13-44
65            android:theme="@style/Theme.CalendarReminder.FullScreen"
65-->src/main/AndroidManifest.xml:53:13-69
66            android:turnScreenOn="true" >
66-->src/main/AndroidManifest.xml:52:13-40
67        </activity>
68
69        <service
69-->src/main/AndroidManifest.xml:56:9-60:56
70            android:name="com.calendarreminder.CalendarMonitorService"
70-->src/main/AndroidManifest.xml:57:13-51
71            android:enabled="true"
71-->src/main/AndroidManifest.xml:58:13-35
72            android:exported="false"
72-->src/main/AndroidManifest.xml:59:13-37
73            android:foregroundServiceType="dataSync" />
73-->src/main/AndroidManifest.xml:60:13-53
74
75        <receiver
75-->src/main/AndroidManifest.xml:62:9-69:20
76            android:name="com.calendarreminder.BootReceiver"
76-->src/main/AndroidManifest.xml:63:13-41
77            android:enabled="true"
77-->src/main/AndroidManifest.xml:64:13-35
78            android:exported="true" >
78-->src/main/AndroidManifest.xml:65:13-36
79            <intent-filter>
79-->src/main/AndroidManifest.xml:66:13-68:29
80                <action android:name="android.intent.action.BOOT_COMPLETED" />
80-->src/main/AndroidManifest.xml:67:17-79
80-->src/main/AndroidManifest.xml:67:25-76
81            </intent-filter>
82        </receiver>
83
84        <provider
84-->[androidx.emoji2:emoji2:1.2.0] AndroidManifest.xml:24:9-32:20
85            android:name="androidx.startup.InitializationProvider"
85-->[androidx.emoji2:emoji2:1.2.0] AndroidManifest.xml:25:13-67
86            android:authorities="com.calendarreminder.androidx-startup"
86-->[androidx.emoji2:emoji2:1.2.0] AndroidManifest.xml:26:13-68
87            android:exported="false" >
87-->[androidx.emoji2:emoji2:1.2.0] AndroidManifest.xml:27:13-37
88            <meta-data
88-->[androidx.emoji2:emoji2:1.2.0] AndroidManifest.xml:29:13-31:52
89                android:name="androidx.emoji2.text.EmojiCompatInitializer"
89-->[androidx.emoji2:emoji2:1.2.0] AndroidManifest.xml:30:17-75
90                android:value="androidx.startup" />
90-->[androidx.emoji2:emoji2:1.2.0] AndroidManifest.xml:31:17-49
91            <meta-data
91-->[androidx.lifecycle:lifecycle-process:2.6.1] AndroidManifest.xml:29:13-31:52
92                android:name="androidx.lifecycle.ProcessLifecycleInitializer"
92-->[androidx.lifecycle:lifecycle-process:2.6.1] AndroidManifest.xml:30:17-78
93                android:value="androidx.startup" />
93-->[androidx.lifecycle:lifecycle-process:2.6.1] AndroidManifest.xml:31:17-49
94            <meta-data
94-->[androidx.profileinstaller:profileinstaller:1.3.0] AndroidManifest.xml:29:13-31:52
95                android:name="androidx.profileinstaller.ProfileInstallerInitializer"
95-->[androidx.profileinstaller:profileinstaller:1.3.0] AndroidManifest.xml:30:17-85
96                android:value="androidx.startup" />
96-->[androidx.profileinstaller:profileinstaller:1.3.0] AndroidManifest.xml:31:17-49
97        </provider>
98
99        <receiver
99-->[androidx.profileinstaller:profileinstaller:1.3.0] AndroidManifest.xml:34:9-52:20
100            android:name="androidx.profileinstaller.ProfileInstallReceiver"
100-->[androidx.profileinstaller:profileinstaller:1.3.0] AndroidManifest.xml:35:13-76
101            android:directBootAware="false"
101-->[androidx.profileinstaller:profileinstaller:1.3.0] AndroidManifest.xml:36:13-44
102            android:enabled="true"
102-->[androidx.profileinstaller:profileinstaller:1.3.0] AndroidManifest.xml:37:13-35
103            android:exported="true"
103-->[androidx.profileinstaller:profileinstaller:1.3.0] AndroidManifest.xml:38:13-36
104            android:permission="android.permission.DUMP" >
104-->[androidx.profileinstaller:profileinstaller:1.3.0] AndroidManifest.xml:39:13-57
105            <intent-filter>
105-->[androidx.profileinstaller:profileinstaller:1.3.0] AndroidManifest.xml:40:13-42:29
106                <action android:name="androidx.profileinstaller.action.INSTALL_PROFILE" />
106-->[androidx.profileinstaller:profileinstaller:1.3.0] AndroidManifest.xml:41:17-91
106-->[androidx.profileinstaller:profileinstaller:1.3.0] AndroidManifest.xml:41:25-88
107            </intent-filter>
108            <intent-filter>
108-->[androidx.profileinstaller:profileinstaller:1.3.0] AndroidManifest.xml:43:13-45:29
109                <action android:name="androidx.profileinstaller.action.SKIP_FILE" />
109-->[androidx.profileinstaller:profileinstaller:1.3.0] AndroidManifest.xml:44:17-85
109-->[androidx.profileinstaller:profileinstaller:1.3.0] AndroidManifest.xml:44:25-82
110            </intent-filter>
111            <intent-filter>
111-->[androidx.profileinstaller:profileinstaller:1.3.0] AndroidManifest.xml:46:13-48:29
112                <action android:name="androidx.profileinstaller.action.SAVE_PROFILE" />
112-->[androidx.profileinstaller:profileinstaller:1.3.0] AndroidManifest.xml:47:17-88
112-->[androidx.profileinstaller:profileinstaller:1.3.0] AndroidManifest.xml:47:25-85
113            </intent-filter>
114            <intent-filter>
114-->[androidx.profileinstaller:profileinstaller:1.3.0] AndroidManifest.xml:49:13-51:29
115                <action android:name="androidx.profileinstaller.action.BENCHMARK_OPERATION" />
115-->[androidx.profileinstaller:profileinstaller:1.3.0] AndroidManifest.xml:50:17-95
115-->[androidx.profileinstaller:profileinstaller:1.3.0] AndroidManifest.xml:50:25-92
116            </intent-filter>
117        </receiver>
118    </application>
119
120</manifest>